<?xml version="1.0" encoding="UTF-8"?>
<testng-results skipped="0" failed="0" total="1" passed="1">
  <reporter-output>
  </reporter-output>
  <suite name="Suite" duration-ms="32" started-at="2020-11-03T10:13:52Z" finished-at="2020-11-03T10:13:52Z">
    <groups>
    </groups>
    <test name="Test" duration-ms="32" started-at="2020-11-03T10:13:52Z" finished-at="2020-11-03T10:13:52Z">
      <class name="tryGitAndMaven.Jenkins.testbasic">
        <test-method status="PASS" signature="basic()[pri:0, instance:tryGitAndMaven.Jenkins.testbasic@1b40d5f0]" name="basic" duration-ms="14" started-at="2020-11-03T15:43:52Z" finished-at="2020-11-03T15:43:52Z">
          <reporter-output>
          </reporter-output>
        </test-method> <!-- basic -->
      </class> <!-- tryGitAndMaven.Jenkins.testbasic -->
    </test> <!-- Test -->
  </suite> <!-- Suite -->
</testng-results>
